[debug] [2025-08-15T23:40:46.131Z] ----------------------------------------------------------------------
[debug] [2025-08-15T23:40:46.134Z] Command:       C:\Program Files\nodejs\node.exe C:\Users\andre\AppData\Roaming\npm\node_modules\firebase-tools\lib\bin\firebase.js init hosting
[debug] [2025-08-15T23:40:46.135Z] CLI Version:   14.12.0
[debug] [2025-08-15T23:40:46.135Z] Platform:      win32
[debug] [2025-08-15T23:40:46.135Z] Node Version:  v22.18.0
[debug] [2025-08-15T23:40:46.135Z] Time:          Fri Aug 15 2025 20:40:46 GMT-0300 (Horário Padrão de Brasília)
[debug] [2025-08-15T23:40:46.135Z] ----------------------------------------------------------------------
[debug] 
[debug] [2025-08-15T23:40:46.137Z] >>> [apiv2][query] GET https://firebase-public.firebaseio.com/cli.json [none]
[debug] [2025-08-15T23:40:46.376Z] > command requires scopes: ["email","openid","https://www.googleapis.com/auth/cloudplatformprojects.readonly","https://www.googleapis.com/auth/firebase","https://www.googleapis.com/auth/cloud-platform"]
[debug] [2025-08-15T23:40:46.376Z] > authorizing via signed-in user (andreileal2001@gmail.com)
[info] 
     ######## #### ########  ######## ########     ###     ######  ########
     ##        ##  ##     ## ##       ##     ##  ##   ##  ##       ##
     ######    ##  ########  ######   ########  #########  ######  ######
     ##        ##  ##    ##  ##       ##     ## ##     ##       ## ##
     ##       #### ##     ## ######## ########  ##     ##  ######  ########

You're about to initialize a Firebase project in this directory:

  F:\andrei\Documents\Andrei_docs\4_OVERCOM\Projetos_dev\Desenvolvimento_Produto

Before we get started, keep in mind:

  * You are initializing within an existing Firebase project directory

[debug] [2025-08-15T23:40:46.689Z] <<< [apiv2][status] GET https://firebase-public.firebaseio.com/cli.json 200
[debug] [2025-08-15T23:40:46.689Z] <<< [apiv2][body] GET https://firebase-public.firebaseio.com/cli.json {"cloudBuildErrorAfter":1594252800000,"cloudBuildWarnAfter":1590019200000,"defaultNode10After":1594252800000,"minVersion":"3.0.5","node8DeploysDisabledAfter":1613390400000,"node8RuntimeDisabledAfter":1615809600000,"node8WarnAfter":1600128000000}
[info] 
=== Project Setup
[info] 
[info] First, let's associate this project directory with a Firebase project.
[info] You can create multiple project aliases by running firebase use --add, 
[info] but for now we'll just set up a default project.
[info] 
[debug] [2025-08-15T23:40:56.734Z] Using project from CLI flag: desenvolvimentoproduto-55e71
[debug] [2025-08-15T23:40:56.734Z] Checked if tokens are valid: false, expires at: 1755127860926
[debug] [2025-08-15T23:40:56.734Z] Checked if tokens are valid: false, expires at: 1755127860926
[debug] [2025-08-15T23:40:56.734Z] > refreshing access token with scopes: []
[debug] [2025-08-15T23:40:56.735Z] >>> [apiv2][query] POST https://www.googleapis.com/oauth2/v3/token [none]
[debug] [2025-08-15T23:40:56.735Z] >>> [apiv2][body] POST https://www.googleapis.com/oauth2/v3/token [omitted]
[debug] [2025-08-15T23:40:56.904Z] <<< [apiv2][status] POST https://www.googleapis.com/oauth2/v3/token 200
[debug] [2025-08-15T23:40:56.904Z] <<< [apiv2][body] POST https://www.googleapis.com/oauth2/v3/token [omitted]
[debug] [2025-08-15T23:40:56.911Z] >>> [apiv2][query] GET https://firebase.googleapis.com/v1beta1/projects/desenvolvimentoproduto-55e71 [none]
[debug] [2025-08-15T23:40:57.303Z] <<< [apiv2][status] GET https://firebase.googleapis.com/v1beta1/projects/desenvolvimentoproduto-55e71 200
[debug] [2025-08-15T23:40:57.303Z] <<< [apiv2][body] GET https://firebase.googleapis.com/v1beta1/projects/desenvolvimentoproduto-55e71 {"projectId":"desenvolvimentoproduto-55e71","projectNumber":"560329272688","displayName":"DesenvolvimentoProduto","name":"projects/desenvolvimentoproduto-55e71","resources":{"hostingSite":"desenvolvimentoproduto-55e71"},"state":"ACTIVE","etag":"1_7405e708-72d5-45b0-9662-a02b8fe127d9"}
[info] i  Using project desenvolvimentoproduto-55e71 (DesenvolvimentoProduto) 
[info] 
=== Hosting Setup
[debug] [2025-08-15T23:40:57.461Z] Checked if tokens are valid: true, expires at: 1755304855904
[debug] [2025-08-15T23:40:57.461Z] Checked if tokens are valid: true, expires at: 1755304855904
[debug] [2025-08-15T23:40:57.461Z] >>> [apiv2][query] GET https://firebase.googleapis.com/v1beta1/projects/desenvolvimentoproduto-55e71 [none]
[debug] [2025-08-15T23:40:57.767Z] <<< [apiv2][status] GET https://firebase.googleapis.com/v1beta1/projects/desenvolvimentoproduto-55e71 200
[debug] [2025-08-15T23:40:57.767Z] <<< [apiv2][body] GET https://firebase.googleapis.com/v1beta1/projects/desenvolvimentoproduto-55e71 {"projectId":"desenvolvimentoproduto-55e71","projectNumber":"560329272688","displayName":"DesenvolvimentoProduto","name":"projects/desenvolvimentoproduto-55e71","resources":{"hostingSite":"desenvolvimentoproduto-55e71"},"state":"ACTIVE","etag":"1_7405e708-72d5-45b0-9662-a02b8fe127d9"}
[info] 
[info] Your public directory is the folder (relative to your project directory) that
[info] will contain Hosting assets to be uploaded with firebase deploy. If you
[info] have a build process for your assets, use your build's output directory.
[info] 
[debug] [2025-08-15T23:41:22.610Z] >>> [apiv2][query] GET https://www.gstatic.com/firebasejs/releases.json [none]
[debug] [2025-08-15T23:41:22.686Z] <<< [apiv2][status] GET https://www.gstatic.com/firebasejs/releases.json 200
[debug] [2025-08-15T23:41:22.686Z] <<< [apiv2][body] GET https://www.gstatic.com/firebasejs/releases.json {"current":{"version":"12.1.0","browserURL":"https://www.gstatic.com/firebasejs/12.1.0/firebase.js","packageURL":"https://www.gstatic.com/firebasejs/12.1.0/firebase.tgz"},"live":{"version":"12.1","browserURL":"https://www.gstatic.com/firebasejs/live/12.1/firebase.js","packageURL":"https://www.gstatic.com/firebasejs/live/12.1/firebase.tgz"},"components":{"ai":"https://www.gstatic.com/firebasejs/12.1.0/firebase-ai.js","analytics":"https://www.gstatic.com/firebasejs/12.1.0/firebase-analytics.js","app":"https://www.gstatic.com/firebasejs/12.1.0/firebase-app.js","app-check":"https://www.gstatic.com/firebasejs/12.1.0/firebase-app-check.js","auth":"https://www.gstatic.com/firebasejs/12.1.0/firebase-auth.js","auth/cordova":"https://www.gstatic.com/firebasejs/12.1.0/firebase-auth/cordova.js","auth/web-extension":"https://www.gstatic.com/firebasejs/12.1.0/firebase-auth/web-extension.js","functions":"https://www.gstatic.com/firebasejs/12.1.0/firebase-functions.js","firestore":"https://www.gstatic.com/firebasejs/12.1.0/firebase-firestore.js","firestore/lite":"https://www.gstatic.com/firebasejs/12.1.0/firebase-firestore/lite.js","installations":"https://www.gstatic.com/firebasejs/12.1.0/firebase-installations.js","storage":"https://www.gstatic.com/firebasejs/12.1.0/firebase-storage.js","performance":"https://www.gstatic.com/firebasejs/12.1.0/firebase-performance.js","remote-config":"https://www.gstatic.com/firebasejs/12.1.0/firebase-remote-config.js","messaging":"https://www.gstatic.com/firebasejs/12.1.0/firebase-messaging.js","messaging/sw":"https://www.gstatic.com/firebasejs/12.1.0/firebase-messaging/sw.js","database":"https://www.gstatic.com/firebasejs/12.1.0/firebase-database.js","data-connect":"https://www.gstatic.com/firebasejs/12.1.0/firebase-data-connect.js","firestore.memory":"https://www.gstatic.com/firebasejs/12.1.0/firebase-firestore.memory.js"}}
[info] +  Wrote public/index.html 
[info] 
[info] i  Didn't detect a .git folder. Assuming F:\andrei\Documents\Andrei_docs\4_OVERCOM\Projetos_dev\Desenvolvimento_Produto is the project root. 
[info] i  Authorizing with GitHub to upload your service account to a GitHub repository's secrets store. 
[info] 
[info] Visit this URL on this device to log in:
[info] https://github.com/login/oauth/authorize?client_id=89cf50f02ac6aaed3484&state=108881768&redirect_uri=http%3A%2F%2Flocalhost%3A9005&scope=read%3Auser%20repo%20public_repo
[info] 
[info] Waiting for authentication...
[debug] [2025-08-15T23:41:33.334Z] >>> [apiv2][query] POST https://github.com/login/oauth/access_token [none]
[debug] [2025-08-15T23:41:33.335Z] >>> [apiv2][body] POST https://github.com/login/oauth/access_token [stream]
[debug] [2025-08-15T23:41:33.585Z] <<< [apiv2][status] POST https://github.com/login/oauth/access_token 200
[debug] [2025-08-15T23:41:33.585Z] <<< [apiv2][body] POST https://github.com/login/oauth/access_token {"access_token":"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","token_type":"bearer","scope":"read:user,repo"}
[debug] [2025-08-15T23:41:33.589Z] >>> [apiv2][query] GET https://api.github.com/user [none]
[debug] [2025-08-15T23:41:33.918Z] <<< [apiv2][status] GET https://api.github.com/user 200
[debug] [2025-08-15T23:41:33.918Z] <<< [apiv2][body] GET https://api.github.com/user {"login":"AndreiLeal2001","id":102754659,"node_id":"U_kgDOBh_pYw","avatar_url":"https://avatars.githubusercontent.com/u/102754659?v=4","gravatar_id":"","url":"https://api.github.com/users/AndreiLeal2001","html_url":"https://github.com/AndreiLeal2001","followers_url":"https://api.github.com/users/AndreiLeal2001/followers","following_url":"https://api.github.com/users/AndreiLeal2001/following{/other_user}","gists_url":"https://api.github.com/users/AndreiLeal2001/gists{/gist_id}","starred_url":"https://api.github.com/users/AndreiLeal2001/starred{/owner}{/repo}","subscriptions_url":"https://api.github.com/users/AndreiLeal2001/subscriptions","organizations_url":"https://api.github.com/users/AndreiLeal2001/orgs","repos_url":"https://api.github.com/users/AndreiLeal2001/repos","events_url":"https://api.github.com/users/AndreiLeal2001/events{/privacy}","received_events_url":"https://api.github.com/users/AndreiLeal2001/received_events","type":"User","user_view_type":"private","site_admin":false,"name":null,"company":null,"blog":"","location":null,"email":null,"hireable":null,"bio":null,"twitter_username":null,"notification_email":null,"public_repos":5,"public_gists":0,"followers":1,"following":1,"created_at":"2022-03-31T16:46:31Z","updated_at":"2025-08-11T02:48:07Z","private_gists":0,"total_private_repos":3,"owned_private_repos":3,"disk_usage":156,"collaborators":1,"two_factor_authentication":false,"plan":{"name":"free","space":976562499,"collaborators":0,"private_repos":10000}}
[info] 
[info] +  Success! Logged into GitHub as AndreiLeal2001 
[info] 
